<?xml version="1.0" encoding="UTF-8"?>
<!-- Generated by org.testng.reporters.JUnitReportReporter -->
<testsuite hostname="TLKURSSRSUPUN" failures="0" tests="1" name="com.store.testcases.HomePageTest" time="14.301" errors="0" timestamp="2024-02-01T21:16:48 IST" skipped="0">
  <testcase classname="com.store.testcases.HomePageTest" name="login" time="14.301"/>
  <system-out/>
</testsuite> <!-- com.store.testcases.HomePageTest -->
