<?xml version="1.0" encoding="UTF-8"?>
<!-- Generated by org.testng.reporters.JUnitReportReporter -->
<testsuite hostname="TLKURSSRSUPUN" failures="0" tests="1" name="com.store.testcases.OrderHistoryPageTest" time="14.304" errors="0" timestamp="2024-02-01T22:21:00 IST" skipped="0">
  <testcase classname="com.store.testcases.OrderHistoryPageTest" name="login" time="14.304"/>
  <system-out/>
</testsuite> <!-- com.store.testcases.OrderHistoryPageTest -->
