<?xml version="1.0" encoding="UTF-8"?>
<!-- Generated by org.testng.reporters.JUnitReportReporter -->
<testsuite hostname="TLKURSSRSUPUN" failures="0" tests="2" name="com.store.testcases.HomePageTest" time="19.056" errors="0" timestamp="2024-02-01T14:24:10 IST" skipped="0">
  <testcase classname="com.store.testcases.HomePageTest" name="homePageVerify" time="7.966"/>
  <testcase classname="com.store.testcases.HomePageTest" name="login" time="11.090"/>
</testsuite> <!-- com.store.testcases.HomePageTest -->
