<?xml version="1.0" encoding="UTF-8"?>
<!-- Generated by org.testng.reporters.JUnitReportReporter -->
<testsuite hostname="TLKURSSRSUPUN" failures="0" tests="1" name="com.store.testcases.IndexPageTest" time="8.144" errors="0" timestamp="2024-02-01T14:24:10 IST" skipped="0">
  <testcase classname="com.store.testcases.IndexPageTest" name="login" time="8.144"/>
</testsuite> <!-- com.store.testcases.IndexPageTest -->
